<?xml version="1.0" encoding="UTF-8"?>
<testng-results skipped="0" failed="0" ignored="0" total="1" passed="1">
  <reporter-output>
    <line>
      <![CDATA[<table> <tr >  <img   style="border:1px solid black;"      src="C:\HTML Report\HtmlTemplates\Logo.JPEG"></tr><tr   ><center><font color="red"  size="15" >TC019_2021_Jun_23_9_46_49_AM</font></center></tr><tr bgcolor="#9370DB"> <th width="100px"> <center><font color="white"  size="4" >Steps</font></center><font color="white"  size="4" ></font></center> </th> <th width="450px" ><center><font color="white"  size="4" >Details </font> </center></th> <th width="100px" ><center><font color="white"  size="4" >Status</font></center></th>  <th  width="250px"  ><center><font color="white"  size="4" >Screen Shots</font></center></th> <th width="250px"  ><center><font color="white"  size="4" >Date & Time</font></center></th>  </tr>       ]]>
    </line>
    <line>
      <![CDATA[ <tr bgcolor="#eee"> <th width="100px"> <center>Step&nbsp;1</center> </th> <th width="450px" ><center><b><font color='black'>   Login Page - Orange HRM Login Page</b> </font></center></th> <th width="100px" ><center><img src='file:///C:\HTML Report\HtmlTemplates\passed.ico'    +     "width="30" + height="30"></img></center></th>  <th  width="250px"  ><center><a href=C:/HTML Report/test-output/TempScreenShots/TC019_2021_Jun_23_9_46_49_AM_2021_Jun_23_9_46_53_679_AM/23_Jun_2021 9_46_56_797 AM.png target="popup" onclick="window.open('C:/HTML Report/test-output/TempScreenShots/TC019_2021_Jun_23_9_46_49_AM_2021_Jun_23_9_46_53_679_AM/23_Jun_2021 9_46_56_797 AM.png','popup','width=600,height=600'); return false;"> ScreenShot</a> </center></th> <th width="250px"  ><center>2021_Jun_23_9_46_57_248_AM</center></th>  </tr>      ]]>
    </line>
    <line>
      <![CDATA[ <tr bgcolor="#ddd"> <th width="100px"> <center>Step&nbsp;2</center> </th> <th width="450px" ><center><b><font color='black'>   Login Page - credentials</b> </font></center></th> <th width="100px" ><center><img src='file:///C:\HTML Report\HtmlTemplates\passed.ico'    +     "width="30" + height="30"></img></center></th>  <th  width="250px"  ><center><a href=C:/HTML Report/test-output/TempScreenShots/TC019_2021_Jun_23_9_46_49_AM_2021_Jun_23_9_46_53_679_AM/23_Jun_2021 9_46_57_692 AM.png target="popup" onclick="window.open('C:/HTML Report/test-output/TempScreenShots/TC019_2021_Jun_23_9_46_49_AM_2021_Jun_23_9_46_53_679_AM/23_Jun_2021 9_46_57_692 AM.png','popup','width=600,height=600'); return false;"> ScreenShot</a> </center></th> <th width="250px"  ><center>2021_Jun_23_9_46_57_886_AM</center></th>  </tr>      ]]>
    </line>
    <line>
      <![CDATA[ <tr bgcolor="#eee"> <th width="100px"> <center>Step&nbsp;3</center> </th> <th width="450px" ><center><b><font color='black'>   Nationality Page - Nationality Entered</b> </font></center></th> <th width="100px" ><center><img src='file:///C:\HTML Report\HtmlTemplates\passed.ico'    +     "width="30" + height="30"></img></center></th>  <th  width="250px"  ><center><a href=C:/HTML Report/test-output/TempScreenShots/TC019_2021_Jun_23_9_46_49_AM_2021_Jun_23_9_46_53_679_AM/23_Jun_2021 9_47_04_624 AM.png target="popup" onclick="window.open('C:/HTML Report/test-output/TempScreenShots/TC019_2021_Jun_23_9_46_49_AM_2021_Jun_23_9_46_53_679_AM/23_Jun_2021 9_47_04_624 AM.png','popup','width=600,height=600'); return false;"> ScreenShot</a> </center></th> <th width="250px"  ><center>2021_Jun_23_9_47_04_799_AM</center></th>  </tr>      ]]>
    </line>
    <line>
      <![CDATA[ <tr bgcolor="#ddd"> <th width="100px"> <center>Step&nbsp;4</center> </th> <th width="450px" ><center><b><font color='black'>   Nationality Page - Nationality Entered</b> </font></center></th> <th width="100px" ><center><img src='file:///C:\HTML Report\HtmlTemplates\passed.ico'    +     "width="30" + height="30"></img></center></th>  <th  width="250px"  ><center><a href=C:/HTML Report/test-output/TempScreenShots/TC019_2021_Jun_23_9_46_49_AM_2021_Jun_23_9_46_53_679_AM/23_Jun_2021 9_47_04_799 AM.png target="popup" onclick="window.open('C:/HTML Report/test-output/TempScreenShots/TC019_2021_Jun_23_9_46_49_AM_2021_Jun_23_9_46_53_679_AM/23_Jun_2021 9_47_04_799 AM.png','popup','width=600,height=600'); return false;"> ScreenShot</a> </center></th> <th width="250px"  ><center>2021_Jun_23_9_47_04_935_AM</center></th>  </tr>      ]]>
    </line>
    <line>
      <![CDATA[ <tr bgcolor="#eee"> <th width="100px"> <center>Step&nbsp;5</center> </th> <th width="450px" ><center><b><font color='black'>   Nationality Page - Scroll and verify the record details</b> </font></center></th> <th width="100px" ><center><img src='file:///C:\HTML Report\HtmlTemplates\passed.ico'    +     "width="30" + height="30"></img></center></th>  <th  width="250px"  ><center><a href=C:/HTML Report/test-output/TempScreenShots/TC019_2021_Jun_23_9_46_49_AM_2021_Jun_23_9_46_53_679_AM/23_Jun_2021 9_47_06_327 AM.png target="popup" onclick="window.open('C:/HTML Report/test-output/TempScreenShots/TC019_2021_Jun_23_9_46_49_AM_2021_Jun_23_9_46_53_679_AM/23_Jun_2021 9_47_06_327 AM.png','popup','width=600,height=600'); return false;"> ScreenShot</a> </center></th> <th width="250px"  ><center>2021_Jun_23_9_47_06_490_AM</center></th>  </tr>      ]]>
    </line>
    <line>
      <![CDATA[ <tr bgcolor="#ddd"> <th width="100px"> <center>Step&nbsp;6</center> </th> <th width="450px" ><center><b><font color='black'>   HomePage - Logout</b> </font></center></th> <th width="100px" ><center><img src='file:///C:\HTML Report\HtmlTemplates\passed.ico'    +     "width="30" + height="30"></img></center></th>  <th  width="250px"  ><center><a href=C:/HTML Report/test-output/TempScreenShots/TC019_2021_Jun_23_9_46_49_AM_2021_Jun_23_9_46_53_679_AM/23_Jun_2021 9_47_06_817 AM.png target="popup" onclick="window.open('C:/HTML Report/test-output/TempScreenShots/TC019_2021_Jun_23_9_46_49_AM_2021_Jun_23_9_46_53_679_AM/23_Jun_2021 9_47_06_817 AM.png','popup','width=600,height=600'); return false;"> ScreenShot</a> </center></th> <th width="250px"  ><center>2021_Jun_23_9_47_07_009_AM</center></th>  </tr>      ]]>
    </line>
    <line>
      <![CDATA[ <tr bgcolor="#eee"> <th width="100px"> <center>Step&nbsp;7</center> </th> <th width="450px" ><center><b><font color='black'>   Login - after Logout</b> </font></center></th> <th width="100px" ><center><img src='file:///C:\HTML Report\HtmlTemplates\passed.ico'    +     "width="30" + height="30"></img></center></th>  <th  width="250px"  ><center><a href=C:/HTML Report/test-output/TempScreenShots/TC019_2021_Jun_23_9_46_49_AM_2021_Jun_23_9_46_53_679_AM/23_Jun_2021 9_47_07_969 AM.png target="popup" onclick="window.open('C:/HTML Report/test-output/TempScreenShots/TC019_2021_Jun_23_9_46_49_AM_2021_Jun_23_9_46_53_679_AM/23_Jun_2021 9_47_07_969 AM.png','popup','width=600,height=600'); return false;"> ScreenShot</a> </center></th> <th width="250px"  ><center>2021_Jun_23_9_47_08_200_AM</center></th>  </tr>      ]]>
    </line>
  </reporter-output>
  <suite name="Suite" duration-ms="21613" started-at="2021-06-23T09:46:49 IST" finished-at="2021-06-23T09:47:11 IST">
    <groups>
    </groups>
    <test name="Test" duration-ms="21613" started-at="2021-06-23T09:46:49 IST" finished-at="2021-06-23T09:47:11 IST">
      <class name="TestCases.TC01_Test">
        <test-method status="PASS" signature="Test567(java.lang.String, java.lang.String, java.lang.String, java.lang.String, java.lang.String)[pri:0, instance:TestCases.TC01_Test@1fc2b765]" name="Test567" duration-ms="20471" started-at="2021-06-23T09:46:50 IST" data-provider="TC01_Add_Nationality" finished-at="2021-06-23T09:47:11 IST">
          <params>
            <param index="0">
              <value>
                <![CDATA[Chrome]]>
              </value>
            </param>
            <param index="1">
              <value>
                <![CDATA[https://opensource-demo.orangehrmlive.com/]]>
              </value>
            </param>
            <param index="2">
              <value>
                <![CDATA[Admin]]>
              </value>
            </param>
            <param index="3">
              <value>
                <![CDATA[admin123]]>
              </value>
            </param>
            <param index="4">
              <value>
                <![CDATA[Mexicans124]]>
              </value>
            </param>
          </params>
          <reporter-output>
            <line>
              <![CDATA[<table> <tr >  <img   style="border:1px solid black;"      src="C:\HTML Report\HtmlTemplates\Logo.JPEG"></tr><tr   ><center><font color="red"  size="15" >TC019_2021_Jun_23_9_46_49_AM</font></center></tr><tr bgcolor="#9370DB"> <th width="100px"> <center><font color="white"  size="4" >Steps</font></center><font color="white"  size="4" ></font></center> </th> <th width="450px" ><center><font color="white"  size="4" >Details </font> </center></th> <th width="100px" ><center><font color="white"  size="4" >Status</font></center></th>  <th  width="250px"  ><center><font color="white"  size="4" >Screen Shots</font></center></th> <th width="250px"  ><center><font color="white"  size="4" >Date & Time</font></center></th>  </tr>       ]]>
            </line>
            <line>
              <![CDATA[ <tr bgcolor="#eee"> <th width="100px"> <center>Step&nbsp;1</center> </th> <th width="450px" ><center><b><font color='black'>   Login Page - Orange HRM Login Page</b> </font></center></th> <th width="100px" ><center><img src='file:///C:\HTML Report\HtmlTemplates\passed.ico'    +     "width="30" + height="30"></img></center></th>  <th  width="250px"  ><center><a href=C:/HTML Report/test-output/TempScreenShots/TC019_2021_Jun_23_9_46_49_AM_2021_Jun_23_9_46_53_679_AM/23_Jun_2021 9_46_56_797 AM.png target="popup" onclick="window.open('C:/HTML Report/test-output/TempScreenShots/TC019_2021_Jun_23_9_46_49_AM_2021_Jun_23_9_46_53_679_AM/23_Jun_2021 9_46_56_797 AM.png','popup','width=600,height=600'); return false;"> ScreenShot</a> </center></th> <th width="250px"  ><center>2021_Jun_23_9_46_57_248_AM</center></th>  </tr>      ]]>
            </line>
            <line>
              <![CDATA[ <tr bgcolor="#ddd"> <th width="100px"> <center>Step&nbsp;2</center> </th> <th width="450px" ><center><b><font color='black'>   Login Page - credentials</b> </font></center></th> <th width="100px" ><center><img src='file:///C:\HTML Report\HtmlTemplates\passed.ico'    +     "width="30" + height="30"></img></center></th>  <th  width="250px"  ><center><a href=C:/HTML Report/test-output/TempScreenShots/TC019_2021_Jun_23_9_46_49_AM_2021_Jun_23_9_46_53_679_AM/23_Jun_2021 9_46_57_692 AM.png target="popup" onclick="window.open('C:/HTML Report/test-output/TempScreenShots/TC019_2021_Jun_23_9_46_49_AM_2021_Jun_23_9_46_53_679_AM/23_Jun_2021 9_46_57_692 AM.png','popup','width=600,height=600'); return false;"> ScreenShot</a> </center></th> <th width="250px"  ><center>2021_Jun_23_9_46_57_886_AM</center></th>  </tr>      ]]>
            </line>
            <line>
              <![CDATA[ <tr bgcolor="#eee"> <th width="100px"> <center>Step&nbsp;3</center> </th> <th width="450px" ><center><b><font color='black'>   Nationality Page - Nationality Entered</b> </font></center></th> <th width="100px" ><center><img src='file:///C:\HTML Report\HtmlTemplates\passed.ico'    +     "width="30" + height="30"></img></center></th>  <th  width="250px"  ><center><a href=C:/HTML Report/test-output/TempScreenShots/TC019_2021_Jun_23_9_46_49_AM_2021_Jun_23_9_46_53_679_AM/23_Jun_2021 9_47_04_624 AM.png target="popup" onclick="window.open('C:/HTML Report/test-output/TempScreenShots/TC019_2021_Jun_23_9_46_49_AM_2021_Jun_23_9_46_53_679_AM/23_Jun_2021 9_47_04_624 AM.png','popup','width=600,height=600'); return false;"> ScreenShot</a> </center></th> <th width="250px"  ><center>2021_Jun_23_9_47_04_799_AM</center></th>  </tr>      ]]>
            </line>
            <line>
              <![CDATA[ <tr bgcolor="#ddd"> <th width="100px"> <center>Step&nbsp;4</center> </th> <th width="450px" ><center><b><font color='black'>   Nationality Page - Nationality Entered</b> </font></center></th> <th width="100px" ><center><img src='file:///C:\HTML Report\HtmlTemplates\passed.ico'    +     "width="30" + height="30"></img></center></th>  <th  width="250px"  ><center><a href=C:/HTML Report/test-output/TempScreenShots/TC019_2021_Jun_23_9_46_49_AM_2021_Jun_23_9_46_53_679_AM/23_Jun_2021 9_47_04_799 AM.png target="popup" onclick="window.open('C:/HTML Report/test-output/TempScreenShots/TC019_2021_Jun_23_9_46_49_AM_2021_Jun_23_9_46_53_679_AM/23_Jun_2021 9_47_04_799 AM.png','popup','width=600,height=600'); return false;"> ScreenShot</a> </center></th> <th width="250px"  ><center>2021_Jun_23_9_47_04_935_AM</center></th>  </tr>      ]]>
            </line>
            <line>
              <![CDATA[ <tr bgcolor="#eee"> <th width="100px"> <center>Step&nbsp;5</center> </th> <th width="450px" ><center><b><font color='black'>   Nationality Page - Scroll and verify the record details</b> </font></center></th> <th width="100px" ><center><img src='file:///C:\HTML Report\HtmlTemplates\passed.ico'    +     "width="30" + height="30"></img></center></th>  <th  width="250px"  ><center><a href=C:/HTML Report/test-output/TempScreenShots/TC019_2021_Jun_23_9_46_49_AM_2021_Jun_23_9_46_53_679_AM/23_Jun_2021 9_47_06_327 AM.png target="popup" onclick="window.open('C:/HTML Report/test-output/TempScreenShots/TC019_2021_Jun_23_9_46_49_AM_2021_Jun_23_9_46_53_679_AM/23_Jun_2021 9_47_06_327 AM.png','popup','width=600,height=600'); return false;"> ScreenShot</a> </center></th> <th width="250px"  ><center>2021_Jun_23_9_47_06_490_AM</center></th>  </tr>      ]]>
            </line>
            <line>
              <![CDATA[ <tr bgcolor="#ddd"> <th width="100px"> <center>Step&nbsp;6</center> </th> <th width="450px" ><center><b><font color='black'>   HomePage - Logout</b> </font></center></th> <th width="100px" ><center><img src='file:///C:\HTML Report\HtmlTemplates\passed.ico'    +     "width="30" + height="30"></img></center></th>  <th  width="250px"  ><center><a href=C:/HTML Report/test-output/TempScreenShots/TC019_2021_Jun_23_9_46_49_AM_2021_Jun_23_9_46_53_679_AM/23_Jun_2021 9_47_06_817 AM.png target="popup" onclick="window.open('C:/HTML Report/test-output/TempScreenShots/TC019_2021_Jun_23_9_46_49_AM_2021_Jun_23_9_46_53_679_AM/23_Jun_2021 9_47_06_817 AM.png','popup','width=600,height=600'); return false;"> ScreenShot</a> </center></th> <th width="250px"  ><center>2021_Jun_23_9_47_07_009_AM</center></th>  </tr>      ]]>
            </line>
            <line>
              <![CDATA[ <tr bgcolor="#eee"> <th width="100px"> <center>Step&nbsp;7</center> </th> <th width="450px" ><center><b><font color='black'>   Login - after Logout</b> </font></center></th> <th width="100px" ><center><img src='file:///C:\HTML Report\HtmlTemplates\passed.ico'    +     "width="30" + height="30"></img></center></th>  <th  width="250px"  ><center><a href=C:/HTML Report/test-output/TempScreenShots/TC019_2021_Jun_23_9_46_49_AM_2021_Jun_23_9_46_53_679_AM/23_Jun_2021 9_47_07_969 AM.png target="popup" onclick="window.open('C:/HTML Report/test-output/TempScreenShots/TC019_2021_Jun_23_9_46_49_AM_2021_Jun_23_9_46_53_679_AM/23_Jun_2021 9_47_07_969 AM.png','popup','width=600,height=600'); return false;"> ScreenShot</a> </center></th> <th width="250px"  ><center>2021_Jun_23_9_47_08_200_AM</center></th>  </tr>      ]]>
            </line>
          </reporter-output>
        </test-method> <!-- Test567 -->
      </class> <!-- TestCases.TC01_Test -->
    </test> <!-- Test -->
  </suite> <!-- Suite -->
</testng-results>
